<?xml version="1.0" encoding="UTF-8"?>
<!-- Generated by org.testng.reporters.JUnitXMLReporter -->
<testsuite ignored="0" hostname="UMA112" failures="0" tests="5" name="Default test" time="0.153" errors="0" timestamp="2021-10-17T11:44:51 IST">
  <testcase classname="calculator.StringCalculatorShould" name="Numbers_NewLine_Delimited_ReturnsSum" time="0.028"/>
  <testcase classname="calculator.StringCalculatorShould" name="amountofNumbers_CommaDelimited_ReturnsSum" time="0.011"/>
  <testcase classname="calculator.StringCalculatorShould" name="empty_string_should_return_0" time="0.003"/>
  <testcase classname="calculator.StringCalculatorShould" name="string_with_single_number_should_return_number_as_int" time="0.003"/>
  <testcase classname="calculator.StringCalculatorShould" name="twoNumbers_Comma_Delimited_Returns_Sum" time="0.005"/>
</testsuite> <!-- Default test -->
