<?xml version="1.0" encoding="UTF-8"?>
<testng-results ignored="0" total="3" passed="3" failed="0" skipped="0">
  <reporter-output>
  </reporter-output>
  <suite started-at="2021-10-17T11:20:03 IST" name="Default suite" finished-at="2021-10-17T11:20:03 IST" duration-ms="123">
    <groups>
    </groups>
    <test started-at="2021-10-17T11:20:03 IST" name="Default test" finished-at="2021-10-17T11:20:03 IST" duration-ms="123">
      <class name="calculator.StringCalculatorShould">
        <test-method signature="empty_string_should_return_0()[pri:0, instance:calculator.StringCalculatorShould@ba54932]" started-at="2021-10-17T11:20:03 IST" name="empty_string_should_return_0" finished-at="2021-10-17T11:20:03 IST" duration-ms="22" status="PASS">
          <reporter-output>
          </reporter-output>
        </test-method> <!-- empty_string_should_return_0 -->
        <test-method signature="string_with_single_number_should_return_number_as_int()[pri:0, instance:calculator.StringCalculatorShould@ba54932]" started-at="2021-10-17T11:20:03 IST" name="string_with_single_number_should_return_number_as_int" finished-at="2021-10-17T11:20:03 IST" duration-ms="3" status="PASS">
          <reporter-output>
          </reporter-output>
        </test-method> <!-- string_with_single_number_should_return_number_as_int -->
        <test-method signature="twoNumbers_CommaDelimited_ReturnsSum()[pri:0, instance:calculator.StringCalculatorShould@ba54932]" started-at="2021-10-17T11:20:03 IST" name="twoNumbers_CommaDelimited_ReturnsSum" finished-at="2021-10-17T11:20:03 IST" duration-ms="4" status="PASS">
          <reporter-output>
          </reporter-output>
        </test-method> <!-- twoNumbers_CommaDelimited_ReturnsSum -->
      </class> <!-- calculator.StringCalculatorShould -->
    </test> <!-- Default test -->
  </suite> <!-- Default suite -->
</testng-results>
