<?xml version="1.0" encoding="UTF-8"?>
<testng-results ignored="0" total="5" passed="5" failed="0" skipped="0">
  <reporter-output>
  </reporter-output>
  <suite started-at="2021-10-17T11:44:51 IST" name="Default suite" finished-at="2021-10-17T11:44:51 IST" duration-ms="153">
    <groups>
    </groups>
    <test started-at="2021-10-17T11:44:51 IST" name="Default test" finished-at="2021-10-17T11:44:51 IST" duration-ms="153">
      <class name="calculator.StringCalculatorShould">
        <test-method signature="Numbers_NewLine_Delimited_ReturnsSum()[pri:0, instance:calculator.StringCalculatorShould@3943a2be]" started-at="2021-10-17T11:44:51 IST" name="Numbers_NewLine_Delimited_ReturnsSum" finished-at="2021-10-17T11:44:51 IST" duration-ms="28" status="PASS">
          <reporter-output>
          </reporter-output>
        </test-method> <!-- Numbers_NewLine_Delimited_ReturnsSum -->
        <test-method signature="amountofNumbers_CommaDelimited_ReturnsSum()[pri:0, instance:calculator.StringCalculatorShould@3943a2be]" started-at="2021-10-17T11:44:51 IST" name="amountofNumbers_CommaDelimited_ReturnsSum" finished-at="2021-10-17T11:44:51 IST" duration-ms="11" status="PASS">
          <reporter-output>
          </reporter-output>
        </test-method> <!-- amountofNumbers_CommaDelimited_ReturnsSum -->
        <test-method signature="empty_string_should_return_0()[pri:0, instance:calculator.StringCalculatorShould@3943a2be]" started-at="2021-10-17T11:44:51 IST" name="empty_string_should_return_0" finished-at="2021-10-17T11:44:51 IST" duration-ms="3" status="PASS">
          <reporter-output>
          </reporter-output>
        </test-method> <!-- empty_string_should_return_0 -->
        <test-method signature="string_with_single_number_should_return_number_as_int()[pri:0, instance:calculator.StringCalculatorShould@3943a2be]" started-at="2021-10-17T11:44:51 IST" name="string_with_single_number_should_return_number_as_int" finished-at="2021-10-17T11:44:51 IST" duration-ms="3" status="PASS">
          <reporter-output>
          </reporter-output>
        </test-method> <!-- string_with_single_number_should_return_number_as_int -->
        <test-method signature="twoNumbers_Comma_Delimited_Returns_Sum()[pri:0, instance:calculator.StringCalculatorShould@3943a2be]" started-at="2021-10-17T11:44:51 IST" name="twoNumbers_Comma_Delimited_Returns_Sum" finished-at="2021-10-17T11:44:51 IST" duration-ms="5" status="PASS">
          <reporter-output>
          </reporter-output>
        </test-method> <!-- twoNumbers_Comma_Delimited_Returns_Sum -->
      </class> <!-- calculator.StringCalculatorShould -->
    </test> <!-- Default test -->
  </suite> <!-- Default suite -->
</testng-results>
